<?xml version="1.0" encoding="UTF-8"?>
<!-- Generated by org.testng.reporters.JUnitReportReporter -->
<testsuite hostname="WINDOWS-JC983K7" failures="0" tests="1" name="test.TESTLoginActitime" time="13.997" errors="0" timestamp="13 Feb 2020 19:44:04 GMT">
  <testcase classname="test.TESTLoginActitime" name="login" time="13.997"/>
</testsuite> <!-- test.TESTLoginActitime -->
